<?xml version="1.0" encoding="UTF-8"?>
<!-- Generated by org.testng.reporters.JUnitReportReporter -->
<testsuite skipped="0" hostname="DESKTOP-2BNIHMG" name="demo.SampleTest" tests="1" failures="0" timestamp="2022-01-30T01:10:53 EST" time="3.313" errors="0">
  <testcase name="login" time="3.313" classname="demo.SampleTest"/>
  <system-out/>
</testsuite> <!-- demo.SampleTest -->
